Add Component: Footprint Not Found 10X10.5 Cap
Add Component: Footprint Not Found Case A
Add Component: Footprint Not Found Case A
Add Component: Footprint Not Found Case A
Add Component: Footprint Not Found 10X10.5 Cap
Add Component: Footprint Not Found Case A
Added Component: Designator=C7(0603 CAP)
Added Component: Designator=C8(0603 CAP)
Added Component: Designator=C9(0603 CAP)
Added Component: Designator=C10(0805 Cap)
Added Component: Designator=C11(0603 CAP)
Added Component: Designator=C12(0603 CAP)
Added Component: Designator=C13(0603 CAP)
Added Component: Designator=C14(0603 CAP)
Added Component: Designator=C15(0603 CAP)
Added Component: Designator=C16(0603 CAP)
Added Component: Designator=C17(0805 Cap)
Added Component: Designator=C18(0603 CAP)
Added Component: Designator=C19(0603 CAP)
Added Component: Designator=C20(0603 CAP)
Added Component: Designator=C21(0603 CAP)
Added Component: Designator=C22(0603 CAP)
Added Component: Designator=C23(0805 Cap)
Add Component: Footprint Not Found DO-214AA
Add Component: Footprint Not Found DO-214AA
Add Component: Footprint Not Found SOD123
Add Component: Footprint Not Found SOD123FL
Add Component: Footprint Not Found 0603 Led
Add Component: Footprint Not Found 6125 Fuse
Add Component: Footprint Not Found 6125 Fuse
Add Component: Footprint Not Found 12X12X5MM INDUCTOR
Add Component: Footprint Not Found 0603 IND
Add Component: Footprint Not Found 0603 IND
Add Component: Footprint Not Found KLEMENS 5.08MM-2
Add Component: Footprint Not Found KLEMENS 5.08MM-2
Added Component: Designator=P3(HDR2X3)
Add component (AddParameter): Name = "LatestRevisionDate"; Value = "17-Jul-2002"; VariantName = "[No Variations]"
Add component (AddParameter): Name = "LatestRevisionNote"; Value = "Re-released for DXP Platform."; VariantName = "[No Variations]"
Add component (AddParameter): Name = "Publisher"; Value = "Altium Limited"; VariantName = "[No Variations]"
Add Component: Footprint Not Found 2X4 BOX HEADER
Added Component: Designator=Q1(SOT23)
Added Component: Designator=Q2(SOT23)
Add component (AddParameter): Name = "ComponentLink1Description"; Value = "Özdisan"; VariantName = "[No Variations]"
Add component (AddParameter): Name = "ComponentLink1URL"; Value = "https://ozdisan.com/guc-yari-iletkenleri/transistorler/discrete-transistorler/MMBT5551LT1G"; VariantName = "[No Variations]"
Added Component: Designator=Q3(SOT23)
Add component (AddParameter): Name = "ComponentLink1Description"; Value = "Özdisan"; VariantName = "[No Variations]"
Add component (AddParameter): Name = "ComponentLink1URL"; Value = "https://ozdisan.com/guc-yari-iletkenleri/transistorler/discrete-transistorler/MMBT5551LT1G"; VariantName = "[No Variations]"
Added Component: Designator=R1(0603 RES)
Added Component: Designator=R2(0603 RES)
Added Component: Designator=R3(0603 RES)
Added Component: Designator=R4(0603 RES)
Added Component: Designator=R5(0603 RES)
Added Component: Designator=R6(0603 RES)
Added Component: Designator=R7(0805 Res)
Added Component: Designator=R8(0805 Res)
Added Component: Designator=R9(0805 Res)
Added Component: Designator=R10(0805 Res)
Added Component: Designator=R11(0805 Res)
Added Component: Designator=R12(0805 Res)
Added Component: Designator=R13(0603 RES)
Added Component: Designator=R14(0603 RES)
Added Component: Designator=R15(0603 RES)
Add Component: Footprint Not Found SPST-NO (1 Form A)
Add Component: Footprint Not Found 6x6mm Tach Switch
Add Component: Footprint Not Found D2PAK-5
Add Component: Footprint Not Found SOT223-3
Add Component: Footprint Not Found LQFP48
Add Component: Footprint Not Found BUZZER
Add Component: Footprint Not Found MÝNÝ USB
Add Component: Footprint Not Found 128x32 OLED
Added Component: Designator=U7(AHT_QFN)
Add component (AddParameter): Name = "Availability"; Value = "Not in stock"; VariantName = "[No Variations]"
Add component (AddParameter): Name = "Check_prices"; Value = "https://www.snapeda.com/parts/AHT10/Asair/view-part/?ref=eda"; VariantName = "[No Variations]"
Add component (AddParameter): Name = "MF"; Value = "Asair"; VariantName = "[No Variations]"
Add component (AddParameter): Name = "MP"; Value = "AHT10"; VariantName = "[No Variations]"
Add component (AddParameter): Name = "Package"; Value = "Package"; VariantName = "[No Variations]"
Add component (AddParameter): Name = "Price"; Value = "None"; VariantName = "[No Variations]"
Add component (AddParameter): Name = "SnapEDA_Link"; Value = "https://www.snapeda.com/parts/AHT10/Asair/view-part/?ref=snap"; VariantName = "[No Variations]"
Add component (AddParameter): Name = "Value"; Value = ""; VariantName = "[No Variations]"
Added Component: Designator=U8(SON65P200X200X90-7N)
Added Component: Designator=U9(TO180P920H1340-4)
Add Component: Footprint Not Found SMD-2 XTAL
Add Component: Footprint Not Found 3.20x1.50x0.80
Added Pin To Net: NetName=3.3V Pin=C10-1
Added Pin To Net: NetName=3.3V Pin=C11-2
Added Pin To Net: NetName=3.3V Pin=C12-2
Added Pin To Net: NetName=3.3V Pin=C13-2
Added Pin To Net: NetName=3.3V Pin=C14-2
Added Pin To Net: NetName=3.3V Pin=C15-2
Added Pin To Net: NetName=3.3V Pin=C16-2
Added Pin To Net: NetName=3.3V Pin=P3-1
Added Pin To Net: NetName=3.3V Pin=P3-2
Added Pin To Net: NetName=3.3V Pin=R4-1
Added Pin To Net: NetName=3.3V Pin=R7-2
Added Pin To Net: NetName=3.3V Pin=R8-2
Added Pin To Net: NetName=3.3V Pin=R9-2
Added Pin To Net: NetName=3.3V Pin=R10-2
Added Pin To Net: NetName=3.3V Pin=R11-2
Added Pin To Net: NetName=3.3V Pin=R13-2
Added Pin To Net: NetName=3.3V Pin=U7-4
Added Net: Name=3.3V
Added Pin To Net: NetName=5V' Pin=Q1-2
Added Pin To Net: NetName=5V' Pin=R2-2
Added Net: Name=5V'
Added Pin To Net: NetName=5V Pin=C17-1
Added Pin To Net: NetName=5V Pin=C23-1
Added Pin To Net: NetName=5V Pin=Q1-3
Added Pin To Net: NetName=5V Pin=U8-5
Added Pin To Net: NetName=5V Pin=U9-1
Added Pin To Net: NetName=5V Pin=U9-3
Added Net: Name=5V
Added Pin To Net: NetName=ADC1_IN1 Pin=R12-1
Added Pin To Net: NetName=ADC1_IN1 Pin=U9-2
Added Net: Name=ADC1_IN1
Added Pin To Net: NetName=BOOT0 Pin=R5-1
Added Net: Name=BOOT0
Added Pin To Net: NetName=BOOT1 Pin=R6-2
Added Net: Name=BOOT1
Added Pin To Net: NetName=BUZZER Pin=R3-1
Added Net: Name=BUZZER
Added Pin To Net: NetName=GND Pin=C10-2
Added Pin To Net: NetName=GND Pin=C11-1
Added Pin To Net: NetName=GND Pin=C12-1
Added Pin To Net: NetName=GND Pin=C13-1
Added Pin To Net: NetName=GND Pin=C14-1
Added Pin To Net: NetName=GND Pin=C15-1
Added Pin To Net: NetName=GND Pin=C16-1
Added Pin To Net: NetName=GND Pin=C17-2
Added Pin To Net: NetName=GND Pin=C18-1
Added Pin To Net: NetName=GND Pin=C19-1
Added Pin To Net: NetName=GND Pin=C20-1
Added Pin To Net: NetName=GND Pin=C21-1
Added Pin To Net: NetName=GND Pin=C22-1
Added Pin To Net: NetName=GND Pin=C23-2
Added Pin To Net: NetName=GND Pin=P3-5
Added Pin To Net: NetName=GND Pin=P3-6
Added Pin To Net: NetName=GND Pin=Q2-2
Added Pin To Net: NetName=GND Pin=Q3-2
Added Pin To Net: NetName=GND Pin=R1-1
Added Pin To Net: NetName=GND Pin=R12-2
Added Pin To Net: NetName=GND Pin=R14-1
Added Pin To Net: NetName=GND Pin=U7-1
Added Pin To Net: NetName=GND Pin=U7-5
Added Pin To Net: NetName=GND Pin=U8-3
Added Pin To Net: NetName=GND Pin=U9-4
Added Net: Name=GND
Added Pin To Net: NetName=I2C1_SCL Pin=R8-1
Added Pin To Net: NetName=I2C1_SCL Pin=U7-3
Added Net: Name=I2C1_SCL
Added Pin To Net: NetName=I2C1_SDA Pin=R7-1
Added Pin To Net: NetName=I2C1_SDA Pin=U7-2
Added Net: Name=I2C1_SDA
Added Pin To Net: NetName=I2C2_SCL Pin=R10-1
Added Pin To Net: NetName=I2C2_SCL Pin=U8-1
Added Net: Name=I2C2_SCL
Added Pin To Net: NetName=I2C2_SDA Pin=R9-1
Added Pin To Net: NetName=I2C2_SDA Pin=U8-6
Added Net: Name=I2C2_SDA
Added Net: Name=NetC1_1
Added Pin To Net: NetName=NetC6_1 Pin=Q1-1
Added Net: Name=NetC6_1
Added Net: Name=NetD1_1
Added Net: Name=NetD1_2
Added Net: Name=NetD2_2
Added Pin To Net: NetName=NetD4_1 Pin=Q3-3
Added Net: Name=NetD4_1
Added Net: Name=NetF2_1
Added Net: Name=NetP2_1
Added Net: Name=NetP2_2
Added Pin To Net: NetName=NetP3_3 Pin=P3-3
Added Pin To Net: NetName=NetP3_3 Pin=R5-2
Added Net: Name=NetP3_3
Added Pin To Net: NetName=NetP3_4 Pin=P3-4
Added Pin To Net: NetName=NetP3_4 Pin=R6-1
Added Net: Name=NetP3_4
Added Pin To Net: NetName=NetQ2_1 Pin=Q2-1
Added Pin To Net: NetName=NetQ2_1 Pin=R3-2
Added Net: Name=NetQ2_1
Added Pin To Net: NetName=NetQ2_3 Pin=Q2-3
Added Net: Name=NetQ2_3
Added Pin To Net: NetName=NetR1_2 Pin=R1-2
Added Pin To Net: NetName=NetR1_2 Pin=R2-1
Added Net: Name=NetR1_2
Added Pin To Net: NetName=NetR11_1 Pin=R11-1
Added Pin To Net: NetName=NetR11_1 Pin=U8-2
Added Net: Name=NetR11_1
Added Pin To Net: NetName=NRST Pin=C18-2
Added Pin To Net: NetName=NRST Pin=R13-1
Added Net: Name=NRST
Added Pin To Net: NetName=OSC32_IN Pin=C21-2
Added Net: Name=OSC32_IN
Added Pin To Net: NetName=OSC32_OUT Pin=C22-2
Added Net: Name=OSC32_OUT
Added Pin To Net: NetName=OSC_IN Pin=C19-2
Added Net: Name=OSC_IN
Added Pin To Net: NetName=OSC_OUT Pin=C20-2
Added Net: Name=OSC_OUT
Added Net: Name=PA11_USB_DM
Added Pin To Net: NetName=PA12_USB_DP Pin=R4-2
Added Net: Name=PA12_USB_DP
Added Pin To Net: NetName=PA13-JTMS_SWDIO Pin=R15-2
Added Net: Name=PA13-JTMS_SWDIO
Added Pin To Net: NetName=PA14-JTCK_SWCLK Pin=R14-2
Added Net: Name=PA14-JTCK_SWCLK
Added Pin To Net: NetName=RELAY Pin=Q3-1
Added Net: Name=RELAY
Added Net: Name=USART1_RX
Added Net: Name=USART1_TX
Added Pin To Net: NetName=VCC Pin=R15-1
Added Net: Name=VCC
Added Pin To Net: NetName=VDDA Pin=C7-2
Added Pin To Net: NetName=VDDA Pin=C8-2
Added Pin To Net: NetName=VDDA Pin=C9-2
Added Net: Name=VDDA
Added Pin To Net: NetName=VSSA Pin=C7-1
Added Pin To Net: NetName=VSSA Pin=C8-1
Added Pin To Net: NetName=VSSA Pin=C9-1
Added Net: Name=VSSA
Added Class: Name=sensor
Added Room: Name=sensor
