Added Component: Designator=C1(10X10.5 Cap)
Added Component: Designator=C2(Case A)
Added Component: Designator=C3(Case A)
Added Component: Designator=C4(Case A)
Added Component: Designator=C5(10X10.5 Cap)
Added Component: Designator=C6(Case A)
Added Component: Designator=C7(0603 CAP)
Added Component: Designator=C8(0603 CAP)
Added Component: Designator=C9(0603 CAP)
Added Component: Designator=C10(0805 Cap)
Added Component: Designator=C11(0603 CAP)
Added Component: Designator=C12(0603 CAP)
Added Component: Designator=C13(0603 CAP)
Added Component: Designator=C14(0603 CAP)
Added Component: Designator=C15(0603 CAP)
Added Component: Designator=C16(0603 CAP)
Added Component: Designator=C17(0805 Cap)
Added Component: Designator=C18(0603 CAP)
Added Component: Designator=C19(0603 CAP)
Added Component: Designator=C20(0603 CAP)
Added Component: Designator=C21(0603 CAP)
Added Component: Designator=C22(0603 CAP)
Added Component: Designator=C23(0805 Cap)
Added Component: Designator=D1(DO-214AA)
Add component (AddParameter): Name = "ComponentLink1Description"; Value = "Özdisan"; VariantName = "[No Variations]"
Add component (AddParameter): Name = "ComponentLink1URL"; Value = "https://ozdisan.com/guc-yari-iletkenleri/diyotlar-modul-diyotlar-ve-dogrultucular/schottky-diyotlar/SS310-DO214AA-HT"; VariantName = "[No Variations]"
Added Component: Designator=D2(DO-214AA)
Add component (AddParameter): Name = "ComponentLink1Description"; Value = "Özdisan"; VariantName = "[No Variations]"
Add component (AddParameter): Name = "ComponentLink1URL"; Value = "https://ozdisan.com/guc-yari-iletkenleri/diyotlar-modul-diyotlar-ve-dogrultucular/schottky-diyotlar/SS310-DO214AA-HT"; VariantName = "[No Variations]"
Add Component: Footprint Not Found SOD123
Added Component: Designator=D4(SOD123FL)
Add component (AddParameter): Name = "ComponentLink1Description"; Value = "Özdisan"; VariantName = "[No Variations]"
Add component (AddParameter): Name = "ComponentLink1URL"; Value = "https://ozdisan.com/guc-yari-iletkenleri/diyotlar-modul-diyotlar-ve-dogrultucular/genel-amacli-diyotlar/GS1010FLR100001"; VariantName = "[No Variations]"
Added Component: Designator=D5(0603 Led)
Added Component: Designator=F1(6125 Fuse)
Add component (AddParameter): Name = "ComponentLink1Description"; Value = "Karaköy"; VariantName = "[No Variations]"
Add component (AddParameter): Name = "ComponentLink1URL"; Value = "https://karakoyelektronik.com/smd-sigorta/25h0500g-125v-500ma-6125-smd-sigorta-14287"; VariantName = "[No Variations]"
Added Component: Designator=F2(6125 Fuse)
Add component (AddParameter): Name = "ComponentLink1Description"; Value = "Karaköy"; VariantName = "[No Variations]"
Add component (AddParameter): Name = "ComponentLink1URL"; Value = "https://karakoyelektronik.com/smd-sigorta/25h0500g-125v-500ma-6125-smd-sigorta-14287"; VariantName = "[No Variations]"
Added Component: Designator=L1(12X12X5MM INDUCTOR)
Added Component: Designator=L2(0603 IND)
Added Component: Designator=L3(0603 IND)
Added Component: Designator=P1(KLEMENS 5.08MM-2)
Added Component: Designator=P2(KLEMENS 5.08MM-2)
Added Component: Designator=P3(HDR2X3)
Add component (AddParameter): Name = "LatestRevisionDate"; Value = "17-Jul-2002"; VariantName = "[No Variations]"
Add component (AddParameter): Name = "LatestRevisionNote"; Value = "Re-released for DXP Platform."; VariantName = "[No Variations]"
Add component (AddParameter): Name = "Publisher"; Value = "Altium Limited"; VariantName = "[No Variations]"
Added Component: Designator=P4(2X4 BOX HEADER)
Add component (AddParameter): Name = "ComponentLink1Description"; Value = "Direnc.net"; VariantName = "[No Variations]"
Add component (AddParameter): Name = "ComponentLink1URL"; Value = "https://www.direnc.net/2x40-90c-disi-header"; VariantName = "[No Variations]"
Added Component: Designator=Q1(SOT23)
Added Component: Designator=Q2(SOT23)
Add component (AddParameter): Name = "ComponentLink1Description"; Value = "Özdisan"; VariantName = "[No Variations]"
Add component (AddParameter): Name = "ComponentLink1URL"; Value = "https://ozdisan.com/guc-yari-iletkenleri/transistorler/discrete-transistorler/MMBT5551LT1G"; VariantName = "[No Variations]"
Added Component: Designator=Q3(SOT23)
Add component (AddParameter): Name = "ComponentLink1Description"; Value = "Özdisan"; VariantName = "[No Variations]"
Add component (AddParameter): Name = "ComponentLink1URL"; Value = "https://ozdisan.com/guc-yari-iletkenleri/transistorler/discrete-transistorler/MMBT5551LT1G"; VariantName = "[No Variations]"
Added Component: Designator=R1(0603 RES)
Added Component: Designator=R2(0603 RES)
Added Component: Designator=R3(0603 RES)
Added Component: Designator=R4(0603 RES)
Added Component: Designator=R5(0603 RES)
Added Component: Designator=R6(0603 RES)
Added Component: Designator=R7(0805 Res)
Added Component: Designator=R8(0805 Res)
Added Component: Designator=R9(0805 Res)
Added Component: Designator=R10(0805 Res)
Added Component: Designator=R11(0805 Res)
Added Component: Designator=R12(0805 Res)
Added Component: Designator=R13(0603 RES)
Added Component: Designator=R14(0603 RES)
Added Component: Designator=R15(0603 RES)
Added Component: Designator=RL1(SPST-NO (1 Form A))
Add component (AddParameter): Name = "ComponentLink1Description"; Value = "Özdisan"; VariantName = "[No Variations]"
Add component (AddParameter): Name = "ComponentLink1URL"; Value = "https://ozdisan.com/Product/Detail/344650/ALDP105W"; VariantName = "[No Variations]"
Added Component: Designator=S1(6x6mm Tach Switch)
Add component (AddParameter): Name = "ComponentLink1Description"; Value = "Özdisan"; VariantName = "[No Variations]"
Add component (AddParameter): Name = "ComponentLink1URL"; Value = "https://ozdisan.com/elektromekanik-komponentler/sivicler-ve-anahtarlar/tact-sivicler/DS1042-03-1-1-KKR-250-10"; VariantName = "[No Variations]"
Added Component: Designator=U1(d2pak-5)
Add component (AddParameter): Name = "Value"; Value = "LM259xx"; VariantName = "[No Variations]"
Added Component: Designator=U2(Sot223)
Add component (AddParameter): Name = "Value"; Value = "LM1117-xx"; VariantName = "[No Variations]"
Added Component: Designator=U3(LQFP48)
Add component (AddParameter): Name = "ComponentLink1Description"; Value = "Özdisan"; VariantName = "[No Variations]"
Add component (AddParameter): Name = "ComponentLink1URL"; Value = "https://www.ozdisan.com/entegre-devreler-ics/embedded-entegreler/mikroislemciler/STM32F103C8T6TR"; VariantName = "[No Variations]"
Added Component: Designator=U4(BUZZER)
Add Component: Footprint Not Found MÝNÝ USB
Added Component: Designator=U6(128x32 OLED)
Added Component: Designator=U7(AHT_QFN)
Add component (AddParameter): Name = "Availability"; Value = "Not in stock"; VariantName = "[No Variations]"
Add component (AddParameter): Name = "Check_prices"; Value = "https://www.snapeda.com/parts/AHT10/Asair/view-part/?ref=eda"; VariantName = "[No Variations]"
Add component (AddParameter): Name = "MF"; Value = "Asair"; VariantName = "[No Variations]"
Add component (AddParameter): Name = "MP"; Value = "AHT10"; VariantName = "[No Variations]"
Add component (AddParameter): Name = "Package"; Value = "Package"; VariantName = "[No Variations]"
Add component (AddParameter): Name = "Price"; Value = "None"; VariantName = "[No Variations]"
Add component (AddParameter): Name = "SnapEDA_Link"; Value = "https://www.snapeda.com/parts/AHT10/Asair/view-part/?ref=snap"; VariantName = "[No Variations]"
Add component (AddParameter): Name = "Value"; Value = ""; VariantName = "[No Variations]"
Added Component: Designator=U8(SON65P200X200X90-7N)
Added Component: Designator=U9(TO180P920H1340-4)
Added Component: Designator=Y1(SMD-2 XTAL)
Add component (AddParameter): Name = "ComponentLink1Description"; Value = "Özdisan"; VariantName = "[No Variations]"
Add component (AddParameter): Name = "ComponentLink1URL"; Value = "https://ozdisan.com/pasif-komponentler/kristaller-osilatorler-ve-rezanatorler/kristaller/ABM7-8-000MHZ-D2Y-T"; VariantName = "[No Variations]"
Add component (AddParameter): Name = "ComponentLink2Description"; Value = "New link"; VariantName = "[No Variations]"
Add component (AddParameter): Name = "ComponentLink2URL"; Value = ""; VariantName = "[No Variations]"
Added Component: Designator=Y2(3.20x1.50x0.80)
Add component (AddParameter): Name = "ComponentLink1Description"; Value = "Özdisan"; VariantName = "[No Variations]"
Add component (AddParameter): Name = "ComponentLink1URL"; Value = "https://ozdisan.com/pasif-komponentler/kristaller-osilatorler-ve-rezanatorler/kristaller/RT2012-32-768-12-5-20-EX"; VariantName = "[No Variations]"
Added Pin To Net: NetName=NetC1_1 Pin=C1-1
Added Pin To Net: NetName=GND Pin=C1-2
Added Pin To Net: NetName=5V Pin=C2-1
Added Pin To Net: NetName=GND Pin=C2-2
Added Pin To Net: NetName=3.3V Pin=C3-1
Added Pin To Net: NetName=GND Pin=C3-2
Added Pin To Net: NetName=3.3V Pin=C4-1
Added Pin To Net: NetName=GND Pin=C4-2
Added Pin To Net: NetName=5V' Pin=C5-1
Added Pin To Net: NetName=GND Pin=C5-2
Added Pin To Net: NetName=NetC6_1 Pin=C6-1
Added Pin To Net: NetName=GND Pin=C6-2
Added Pin To Net: NetName=VSSA Pin=C7-1
Added Pin To Net: NetName=VDDA Pin=C7-2
Added Pin To Net: NetName=VSSA Pin=C8-1
Added Pin To Net: NetName=VDDA Pin=C8-2
Added Pin To Net: NetName=VSSA Pin=C9-1
Added Pin To Net: NetName=VDDA Pin=C9-2
Added Pin To Net: NetName=3.3V Pin=C10-1
Added Pin To Net: NetName=GND Pin=C10-2
Added Pin To Net: NetName=GND Pin=C11-1
Added Pin To Net: NetName=3.3V Pin=C11-2
Added Pin To Net: NetName=GND Pin=C12-1
Added Pin To Net: NetName=3.3V Pin=C12-2
Added Pin To Net: NetName=GND Pin=C13-1
Added Pin To Net: NetName=3.3V Pin=C13-2
Added Pin To Net: NetName=GND Pin=C14-1
Added Pin To Net: NetName=3.3V Pin=C14-2
Added Pin To Net: NetName=GND Pin=C15-1
Added Pin To Net: NetName=3.3V Pin=C15-2
Added Pin To Net: NetName=GND Pin=C16-1
Added Pin To Net: NetName=3.3V Pin=C16-2
Added Pin To Net: NetName=5V Pin=C17-1
Added Pin To Net: NetName=GND Pin=C17-2
Added Pin To Net: NetName=GND Pin=C18-1
Added Pin To Net: NetName=NRST Pin=C18-2
Added Pin To Net: NetName=GND Pin=C19-1
Added Pin To Net: NetName=OSC_IN Pin=C19-2
Added Pin To Net: NetName=GND Pin=C20-1
Added Pin To Net: NetName=OSC_OUT Pin=C20-2
Added Pin To Net: NetName=GND Pin=C21-1
Added Pin To Net: NetName=OSC32_IN Pin=C21-2
Added Pin To Net: NetName=GND Pin=C22-1
Added Pin To Net: NetName=OSC32_OUT Pin=C22-2
Added Pin To Net: NetName=5V Pin=C23-1
Added Pin To Net: NetName=GND Pin=C23-2
Added Pin To Net: NetName=NetD1_1 Pin=D1-1
Added Pin To Net: NetName=NetD1_2 Pin=D1-2
Added Pin To Net: NetName=GND Pin=D2-1
Added Pin To Net: NetName=NetD2_2 Pin=D2-2
Add Pin To Net: Unknown Pin: Pin D3-1
Add Pin To Net: Unknown Pin: Pin D3-2
Added Pin To Net: NetName=NetD4_1 Pin=D4-1
Added Pin To Net: NetName=5V Pin=D4-2
Added Pin To Net: NetName=RELAY Pin=D5-1
Added Pin To Net: NetName=GND Pin=D5-2
Added Pin To Net: NetName=NetD1_2 Pin=F1-1
Added Pin To Net: NetName=NetC1_1 Pin=F1-2
Added Pin To Net: NetName=NetF2_1 Pin=F2-1
Added Pin To Net: NetName=NetC6_1 Pin=F2-2
Added Pin To Net: NetName=NetD2_2 Pin=L1-1
Added Pin To Net: NetName=5V' Pin=L1-2
Added Pin To Net: NetName=3.3V Pin=L2-1
Added Pin To Net: NetName=VDDA Pin=L2-2
Added Pin To Net: NetName=GND Pin=L3-1
Added Pin To Net: NetName=VSSA Pin=L3-2
Added Pin To Net: NetName=NetD1_1 Pin=P1-1
Added Pin To Net: NetName=GND Pin=P1-2
Added Pin To Net: NetName=NetP2_1 Pin=P2-1
Added Pin To Net: NetName=NetP2_2 Pin=P2-2
Added Pin To Net: NetName=3.3V Pin=P3-1
Added Pin To Net: NetName=3.3V Pin=P3-2
Added Pin To Net: NetName=NetP3_3 Pin=P3-3
Added Pin To Net: NetName=NetP3_4 Pin=P3-4
Added Pin To Net: NetName=GND Pin=P3-5
Added Pin To Net: NetName=GND Pin=P3-6
Added Pin To Net: NetName=GND Pin=P4-1
Added Pin To Net: NetName=PA13-JTMS_SWDIO Pin=P4-3
Added Pin To Net: NetName=PA14-JTCK_SWCLK Pin=P4-5
Added Pin To Net: NetName=VCC Pin=P4-7
Added Pin To Net: NetName=NetC6_1 Pin=Q1-1
Added Pin To Net: NetName=5V' Pin=Q1-2
Added Pin To Net: NetName=5V Pin=Q1-3
Added Pin To Net: NetName=NetQ2_1 Pin=Q2-1
Added Pin To Net: NetName=GND Pin=Q2-2
Added Pin To Net: NetName=NetQ2_3 Pin=Q2-3
Added Pin To Net: NetName=RELAY Pin=Q3-1
Added Pin To Net: NetName=GND Pin=Q3-2
Added Pin To Net: NetName=NetD4_1 Pin=Q3-3
Added Pin To Net: NetName=GND Pin=R1-1
Added Pin To Net: NetName=NetR1_2 Pin=R1-2
Added Pin To Net: NetName=NetR1_2 Pin=R2-1
Added Pin To Net: NetName=5V' Pin=R2-2
Added Pin To Net: NetName=BUZZER Pin=R3-1
Added Pin To Net: NetName=NetQ2_1 Pin=R3-2
Added Pin To Net: NetName=3.3V Pin=R4-1
Added Pin To Net: NetName=PA12_USB_DP Pin=R4-2
Added Pin To Net: NetName=BOOT0 Pin=R5-1
Added Pin To Net: NetName=NetP3_3 Pin=R5-2
Added Pin To Net: NetName=NetP3_4 Pin=R6-1
Added Pin To Net: NetName=BOOT1 Pin=R6-2
Added Pin To Net: NetName=I2C1_SDA Pin=R7-1
Added Pin To Net: NetName=3.3V Pin=R7-2
Added Pin To Net: NetName=I2C1_SCL Pin=R8-1
Added Pin To Net: NetName=3.3V Pin=R8-2
Added Pin To Net: NetName=I2C2_SDA Pin=R9-1
Added Pin To Net: NetName=3.3V Pin=R9-2
Added Pin To Net: NetName=I2C2_SCL Pin=R10-1
Added Pin To Net: NetName=3.3V Pin=R10-2
Added Pin To Net: NetName=NetR11_1 Pin=R11-1
Added Pin To Net: NetName=3.3V Pin=R11-2
Added Pin To Net: NetName=ADC1_IN1 Pin=R12-1
Added Pin To Net: NetName=GND Pin=R12-2
Added Pin To Net: NetName=NRST Pin=R13-1
Added Pin To Net: NetName=3.3V Pin=R13-2
Added Pin To Net: NetName=GND Pin=R14-1
Added Pin To Net: NetName=PA14-JTCK_SWCLK Pin=R14-2
Added Pin To Net: NetName=VCC Pin=R15-1
Added Pin To Net: NetName=PA13-JTMS_SWDIO Pin=R15-2
Added Pin To Net: NetName=5V Pin=RL1-1
Added Pin To Net: NetName=NetD4_1 Pin=RL1-2
Added Pin To Net: NetName=NetP2_2 Pin=RL1-3
Added Pin To Net: NetName=NetP2_1 Pin=RL1-4
Added Pin To Net: NetName=NRST Pin=S1-1
Added Pin To Net: NetName=NRST Pin=S1-1
Added Pin To Net: NetName=GND Pin=S1-2
Added Pin To Net: NetName=GND Pin=S1-2
Added Pin To Net: NetName=NetC1_1 Pin=U1-1
Added Pin To Net: NetName=NetD2_2 Pin=U1-2
Added Pin To Net: NetName=GND Pin=U1-3
Added Pin To Net: NetName=GND Pin=U1-3
Added Pin To Net: NetName=NetR1_2 Pin=U1-4
Added Pin To Net: NetName=GND Pin=U1-5
Added Pin To Net: NetName=GND Pin=U2-1
Added Pin To Net: NetName=3.3V Pin=U2-2
Added Pin To Net: NetName=5V Pin=U2-3
Added Pin To Net: NetName=3.3V Pin=U3-1
Added Pin To Net: NetName=BUZZER Pin=U3-2
Added Pin To Net: NetName=OSC32_IN Pin=U3-3
Added Pin To Net: NetName=OSC32_OUT Pin=U3-4
Added Pin To Net: NetName=OSC_IN Pin=U3-5
Added Pin To Net: NetName=OSC_OUT Pin=U3-6
Added Pin To Net: NetName=NRST Pin=U3-7
Added Pin To Net: NetName=VSSA Pin=U3-8
Added Pin To Net: NetName=VDDA Pin=U3-9
Added Pin To Net: NetName=BOOT1 Pin=U3-20
Added Pin To Net: NetName=I2C2_SCL Pin=U3-21
Added Pin To Net: NetName=I2C2_SDA Pin=U3-22
Added Pin To Net: NetName=GND Pin=U3-23
Added Pin To Net: NetName=3.3V Pin=U3-24
Added Pin To Net: NetName=USART1_TX Pin=U3-30
Added Pin To Net: NetName=USART1_RX Pin=U3-31
Added Pin To Net: NetName=PA11_USB_DM Pin=U3-32
Added Pin To Net: NetName=PA12_USB_DP Pin=U3-33
Added Pin To Net: NetName=PA13-JTMS_SWDIO Pin=U3-34
Added Pin To Net: NetName=GND Pin=U3-35
Added Pin To Net: NetName=3.3V Pin=U3-36
Added Pin To Net: NetName=PA14-JTCK_SWCLK Pin=U3-37
Added Pin To Net: NetName=I2C1_SCL Pin=U3-42
Added Pin To Net: NetName=I2C1_SDA Pin=U3-43
Added Pin To Net: NetName=BOOT0 Pin=U3-44
Added Pin To Net: NetName=RELAY Pin=U3-46
Added Pin To Net: NetName=GND Pin=U3-47
Added Pin To Net: NetName=3.3V Pin=U3-48
Added Pin To Net: NetName=5V Pin=U4-1
Added Pin To Net: NetName=NetQ2_3 Pin=U4-2
Add Pin To Net: Unknown Pin: Pin U5-1
Add Pin To Net: Unknown Pin: Pin U5-2
Add Pin To Net: Unknown Pin: Pin U5-3
Add Pin To Net: Unknown Pin: Pin U5-5
Add Pin To Net: Unknown Pin: Pin U5-6
Add Pin To Net: Unknown Pin: Pin U5-9
Added Pin To Net: NetName=GND Pin=U6-1
Added Pin To Net: NetName=5V Pin=U6-2
Added Pin To Net: NetName=USART1_TX Pin=U6-3
Added Pin To Net: NetName=USART1_RX Pin=U6-4
Added Pin To Net: NetName=GND Pin=U7-1
Added Pin To Net: NetName=I2C1_SDA Pin=U7-2
Added Pin To Net: NetName=I2C1_SCL Pin=U7-3
Added Pin To Net: NetName=3.3V Pin=U7-4
Added Pin To Net: NetName=GND Pin=U7-5
Added Pin To Net: NetName=I2C2_SCL Pin=U8-1
Added Pin To Net: NetName=NetR11_1 Pin=U8-2
Added Pin To Net: NetName=GND Pin=U8-3
Added Pin To Net: NetName=5V Pin=U8-5
Added Pin To Net: NetName=I2C2_SDA Pin=U8-6
Added Pin To Net: NetName=5V Pin=U9-1
Added Pin To Net: NetName=ADC1_IN1 Pin=U9-2
Added Pin To Net: NetName=5V Pin=U9-3
Added Pin To Net: NetName=GND Pin=U9-4
Added Pin To Net: NetName=OSC_IN Pin=Y1-1
Added Pin To Net: NetName=OSC_OUT Pin=Y1-2
Added Pin To Net: NetName=OSC32_IN Pin=Y2-1
Added Pin To Net: NetName=OSC32_OUT Pin=Y2-2
Added Member To Class: ClassName=sensor Member=Component C1 470 uF
Added Member To Class: ClassName=sensor Member=Component C2 10 uF
Added Member To Class: ClassName=sensor Member=Component C3 10 uF
Added Member To Class: ClassName=sensor Member=Component C4 10 uF
Added Member To Class: ClassName=sensor Member=Component C5 220 uF
Added Member To Class: ClassName=sensor Member=Component C6 1 uF
Added Member To Class: ClassName=sensor Member=Component C7 1 nF
Added Member To Class: ClassName=sensor Member=Component C8 10 nF
Added Member To Class: ClassName=sensor Member=Component C9 100 nF
Added Member To Class: ClassName=sensor Member=Component C10 Cap
Added Member To Class: ClassName=sensor Member=Component C11 100 PF
Added Member To Class: ClassName=sensor Member=Component C12 100 PF
Added Member To Class: ClassName=sensor Member=Component C13 100 PF
Added Member To Class: ClassName=sensor Member=Component C14 100 PF
Added Member To Class: ClassName=sensor Member=Component C15 100 PF
Added Member To Class: ClassName=sensor Member=Component C16 100 PF
Added Member To Class: ClassName=sensor Member=Component C17 Cap
Added Member To Class: ClassName=sensor Member=Component C18 100pF
Added Member To Class: ClassName=sensor Member=Component C19 22 pF
Added Member To Class: ClassName=sensor Member=Component C20 22 pF
Added Member To Class: ClassName=sensor Member=Component C21 10 pF
Added Member To Class: ClassName=sensor Member=Component C22 10 pF
Added Member To Class: ClassName=sensor Member=Component C23 Cap
Added Member To Class: ClassName=sensor Member=Component D1 SS310
Added Member To Class: ClassName=sensor Member=Component D2 SS310
Add Class Member: Failed to add class member : Component D3 B5819W
Added Member To Class: ClassName=sensor Member=Component D4 GS1010FL
Added Member To Class: ClassName=sensor Member=Component D5 LED
Added Member To Class: ClassName=sensor Member=Component F1 3.5A
Added Member To Class: ClassName=sensor Member=Component F2 500mA
Added Member To Class: ClassName=sensor Member=Component L1 100 uH
Added Member To Class: ClassName=sensor Member=Component L2 10 uH
Added Member To Class: ClassName=sensor Member=Component L3 10 uH
Added Member To Class: ClassName=sensor Member=Component P1 Klemens 5.08
Added Member To Class: ClassName=sensor Member=Component P2 FLASÖR
Added Member To Class: ClassName=sensor Member=Component P3 Header 3X2
Added Member To Class: ClassName=sensor Member=Component P4 SWD
Added Member To Class: ClassName=sensor Member=Component Q1 DMG2305
Added Member To Class: ClassName=sensor Member=Component Q2 MMBT5551LT1G
Added Member To Class: ClassName=sensor Member=Component Q3 MMBT5551LT1G
Added Member To Class: ClassName=sensor Member=Component R1 100
Added Member To Class: ClassName=sensor Member=Component R2 3.09k
Added Member To Class: ClassName=sensor Member=Component R3 1K
Added Member To Class: ClassName=sensor Member=Component R4 1.5K
Added Member To Class: ClassName=sensor Member=Component R5 100
Added Member To Class: ClassName=sensor Member=Component R6 100
Added Member To Class: ClassName=sensor Member=Component R7 Res
Added Member To Class: ClassName=sensor Member=Component R8 Res
Added Member To Class: ClassName=sensor Member=Component R9 Res
Added Member To Class: ClassName=sensor Member=Component R10 Res
Added Member To Class: ClassName=sensor Member=Component R11 Res
Added Member To Class: ClassName=sensor Member=Component R12 Res
Added Member To Class: ClassName=sensor Member=Component R13 10K
Added Member To Class: ClassName=sensor Member=Component R14 10k
Added Member To Class: ClassName=sensor Member=Component R15 10k
Added Member To Class: ClassName=sensor Member=Component RL1 ALDP105W
Added Member To Class: ClassName=sensor Member=Component S1 Switch
Added Member To Class: ClassName=sensor Member=Component U1 LM259xx
Added Member To Class: ClassName=sensor Member=Component U2 LM117-xx
Added Member To Class: ClassName=sensor Member=Component U3 STM32F103C8T6
Added Member To Class: ClassName=sensor Member=Component U4 buzzer
Add Class Member: Failed to add class member : Component U5 Mini USB
Added Member To Class: ClassName=sensor Member=Component U6 OLED 128X32
Added Member To Class: ClassName=sensor Member=Component U7 AHT10
Added Member To Class: ClassName=sensor Member=Component U8 TSL2591
Added Member To Class: ClassName=sensor Member=Component U9 TGS.2600
Added Member To Class: ClassName=sensor Member=Component Y1 8.000MHZ
Added Member To Class: ClassName=sensor Member=Component Y2 32.768 KHZ
Added Room: Name=sensor
